<?xml version="1.0" encoding="UTF-8"?>
<testsuite name='test.com.acme.prime.eval.test' tests='1' time='0.165' failures='0' target='reference:file:/home/rui/com.acme.prime/com.acme.prime.eval.test/generated/com.acme.prime.eval.test.jar' timestamp='2018-07-24T16:02:22' hostname='rui-Latitude-E6430' framework='org.eclipse.osgi_3.10.100.v20150529-1857 [0]' errors='0' framework-version='3.10.100.v20150529-1857'>
  <properties>
    <property name='java.vendor' value='Oracle Corporation'/>
    <property name='sun.java.launcher' value='SUN_STANDARD'/>
    <property name='sun.management.compiler' value='HotSpot 64-Bit Tiered Compilers'/>
    <property name='os.name' value='Linux'/>
    <property name='sun.boot.class.path' value='/usr/java/jdk1.8.0_171/jre/lib/resources.jar:/usr/java/jdk1.8.0_171/jre/lib/rt.jar:/usr/java/jdk1.8.0_171/jre/lib/sunrsasign.jar:/usr/java/jdk1.8.0_171/jre/lib/jsse.jar:/usr/java/jdk1.8.0_171/jre/lib/jce.jar:/usr/java/jdk1.8.0_171/jre/lib/charsets.jar:/usr/java/jdk1.8.0_171/jre/lib/jfr.jar:/usr/java/jdk1.8.0_171/jre/classes'/>
    <property name='tester.continuous' value='false'/>
    <property name='sun.desktop' value='gnome'/>
    <property name='java.vm.specification.vendor' value='Oracle Corporation'/>
    <property name='java.runtime.version' value='1.8.0_171-b11'/>
    <property name='launch.services' value='true'/>
    <property name='launch.notificationPort' value='-1'/>
    <property name='launcher.properties' value='/home/rui/com.acme.prime/com.acme.prime.eval.test/generated/launch1915912046149531509.properties'/>
    <property name='user.name' value='rui'/>
    <property name='launch.bundles' value='/home/rui/com.acme.prime/com.acme.prime.eval.provider/generated/com.acme.prime.eval.provider.jar,/home/rui/com.acme.prime/com.acme.prime.eval.test/generated/com.acme.prime.eval.test.jar,/home/rui/.m2/repository/org/apache/felix/org.apache.felix.configadmin/1.8.8/org.apache.felix.configadmin-1.8.8.jar,/home/rui/.m2/repository/org/apache/felix/org.apache.felix.log/1.0.1/org.apache.felix.log-1.0.1.jar,/home/rui/.m2/repository/org/apache/felix/org.apache.felix.scr/2.0.2/org.apache.felix.scr-2.0.2.jar,/home/rui/.m2/repository/org/osgi/org.eclipse.equinox.metatype/1.4.100.v20150408-1437/org.eclipse.equinox.metatype-1.4.100.v20150408-1437.jar,/home/rui/.m2/repository/org/osgi/org.osgi.service.metatype/1.3.0/org.osgi.service.metatype-1.3.0.jar,/home/rui/.m2/repository/org/osgi/osgi.enroute.hamcrest.wrapper/1.3.0/osgi.enroute.hamcrest.wrapper-1.3.0.jar,/home/rui/.m2/repository/org/osgi/osgi.enroute.junit.wrapper/4.12.0/osgi.enroute.junit.wrapper-4.12.0.jar,/home/rui/com.acme.prime/com.acme.prime.eval.test/generated/com.acme.prime.eval.test.jar,/home/rui/.m2/repository/biz/aQute/bnd/biz.aQute.tester/4.0.0/biz.aQute.tester-4.0.0.jar'/>
    <property name='user.language' value='en'/>
    <property name='org.apache.felix.http.whiteboardEnabled' value='true'/>
    <property name='sun.boot.library.path' value='/usr/java/jdk1.8.0_171/jre/lib/amd64'/>
    <property name='java.version' value='1.8.0_171'/>
    <property name='user.timezone' value='Europe/Rome'/>
    <property name='tester.dir' value='/home/rui/com.acme.prime/com.acme.prime.eval.test/generated/test-reports'/>
    <property name='sun.arch.data.model' value='64'/>
    <property name='tester.unresolved' value='true'/>
    <property name='java.endorsed.dirs' value='/usr/java/jdk1.8.0_171/jre/lib/endorsed'/>
    <property name='sun.cpu.isalist' value=''/>
    <property name='sun.jnu.encoding' value='UTF-8'/>
    <property name='file.encoding.pkg' value='sun.io'/>
    <property name='launch.noreferences' value='false'/>
    <property name='file.separator' value='/'/>
    <property name='java.specification.name' value='Java Platform API Specification'/>
    <property name='java.class.version' value='52.0'/>
    <property name='user.country' value='US'/>
    <property name='java.home' value='/usr/java/jdk1.8.0_171/jre'/>
    <property name='java.vm.info' value='mixed mode'/>
    <property name='os.version' value='4.13.0-45-generic'/>
    <property name='path.separator' value=':'/>
    <property name='java.vm.version' value='25.171-b11'/>
    <property name='osgi.console' value=''/>
    <property name='java.awt.printerjob' value='sun.print.PSPrinterJob'/>
    <property name='sun.io.unicode.encoding' value='UnicodeLittle'/>
    <property name='awt.toolkit' value='sun.awt.X11.XToolkit'/>
    <property name='user.home' value='/home/rui'/>
    <property name='java.specification.vendor' value='Oracle Corporation'/>
    <property name='java.library.path' value='/usr/java/packages/lib/amd64:/usr/lib64:/lib64:/lib:/usr/lib'/>
    <property name='java.vendor.url' value='http://java.oracle.com/'/>
    <property name='java.vm.vendor' value='Oracle Corporation'/>
    <property name='java.runtime.name' value='Java(TM) SE Runtime Environment'/>
    <property name='tester.port' value='37333'/>
    <property name='sun.java.command' value='aQute.launcher.Launcher'/>
    <property name='java.class.path' value='/home/rui/.m2/repository/org/osgi/osgi.enroute.equinox.log.adapter/2.1.0-SNAPSHOT/osgi.enroute.equinox.log.adapter-2.1.0-SNAPSHOT.jar:/home/rui/.m2/repository/org/osgi/org.eclipse.osgi/3.10.100.v20150529-1857/org.eclipse.osgi-3.10.100.v20150529-1857.jar:/home/rui/.m2/repository/biz/aQute/bnd/biz.aQute.launcher/4.0.0/biz.aQute.launcher-4.0.0.jar'/>
    <property name='launch.system.capabilities' value='osgi.native;osgi.native.osname:List&lt;String&gt;=Linux;osgi.native.osversion:Version="4.13.0.-45-generic";osgi.native.processor:List&lt;String&gt;="x86-64,amd64,em64t,x86_64";osgi.native.language=en_US'/>
    <property name='launch.name' value='bnd.bnd'/>
    <property name='launch.timeout' value='0'/>
    <property name='launch.keep' value='false'/>
    <property name='java.vm.specification.name' value='Java Virtual Machine Specification'/>
    <property name='java.vm.specification.version' value='1.8'/>
    <property name='sun.cpu.endian' value='little'/>
    <property name='sun.os.patch.level' value='unknown'/>
    <property name='java.io.tmpdir' value='/tmp'/>
    <property name='java.vendor.url.bug' value='http://bugreport.sun.com/bugreport/'/>
    <property name='os.arch' value='amd64'/>
    <property name='java.awt.graphicsenv' value='sun.awt.X11GraphicsEnvironment'/>
    <property name='java.ext.dirs' value='/usr/java/jdk1.8.0_171/jre/lib/ext:/usr/java/packages/lib/ext'/>
    <property name='user.dir' value='/home/rui/com.acme.prime/com.acme.prime.eval.test'/>
    <property name='launch.trace' value='false'/>
    <property name='line.separator' value='
'/>
    <property name='java.vm.name' value='Java HotSpot(TM) 64-Bit Server VM'/>
    <property name='launch.embedded' value='false'/>
    <property name='launch.activators' value='osgi.enroute.equinox.log.adapter.HideEquinoxLog'/>
    <property name='osgi.console.enable.builtin' value='false'/>
    <property name='file.encoding' value='UTF-8'/>
    <property name='org.apache.felix.http.jettyEnabled' value='true'/>
    <property name='launch.system.packages' value='javax.script,org.eclipse.core.runtime.adaptor;x-friends:="org.eclipse.core.runtime",org.eclipse.core.runtime.internal.adaptor;x-internal:=true,org.eclipse.equinox.log;version="1.0",org.eclipse.osgi.container;version="1.0",org.eclipse.osgi.container.builders;version="1.0",org.eclipse.osgi.container.namespaces;version="1.0",org.eclipse.osgi.framework.console;version="1.1",org.eclipse.osgi.framework.eventmgr;version="1.2",org.eclipse.osgi.framework.internal.reliablefile;x-internal:=true,org.eclipse.osgi.framework.log;version="1.1",org.eclipse.osgi.framework.util;x-internal:=true,org.eclipse.osgi.internal.debug;x-internal:=true,org.eclipse.osgi.internal.framework;x-internal:=true,org.eclipse.osgi.internal.hookregistry;x-friends:="org.eclipse.osgi.tests",org.eclipse.osgi.internal.loader;x-internal:=true,org.eclipse.osgi.internal.loader.buddy;x-internal:=true,org.eclipse.osgi.internal.loader.classpath;x-internal:=true,org.eclipse.osgi.internal.loader.sources;x-internal:=true,org.eclipse.osgi.internal.location;x-internal:=true,org.eclipse.osgi.internal.messages;x-internal:=true,org.eclipse.osgi.internal.provisional.service.security;version="1.0.0";x-friends:="org.eclipse.equinox.security.ui",org.eclipse.osgi.internal.provisional.verifier;x-friends:="org.eclipse.update.core,org.eclipse.ui.workbench,org.eclipse.equinox.p2.artifact.repository",org.eclipse.osgi.internal.service.security;x-friends:="org.eclipse.equinox.security.ui",org.eclipse.osgi.internal.serviceregistry;x-internal:=true,org.eclipse.osgi.internal.signedcontent;x-internal:=true,org.eclipse.osgi.internal.url;x-internal:=true,org.eclipse.osgi.launch;version="1.0",org.eclipse.osgi.report.resolution;version="1.0",org.eclipse.osgi.service.datalocation;version="1.3",org.eclipse.osgi.service.debug;version="1.2",org.eclipse.osgi.service.environment;version="1.3",org.eclipse.osgi.service.localization;version="1.1",org.eclipse.osgi.service.pluginconversion;version="1.0",org.eclipse.osgi.service.resolver;version="1.6",org.eclipse.osgi.service.runnable;version="1.1",org.eclipse.osgi.service.security;version="1.0",org.eclipse.osgi.service.urlconversion;version="1.0",org.eclipse.osgi.signedcontent;version="1.0",org.eclipse.osgi.storage;x-friends:="org.eclipse.osgi.tests",org.eclipse.osgi.storage.bundlefile;x-internal:=true,org.eclipse.osgi.storage.url.reference;x-internal:=true,org.eclipse.osgi.storagemanager;version="1.0",org.eclipse.osgi.util;version="1.1",org.osgi.dto;version="1.0",org.osgi.framework;version="1.8",org.osgi.framework.dto;version="1.8",org.osgi.framework.hooks.bundle;version="1.1",org.osgi.framework.hooks.resolver;version="1.0",org.osgi.framework.hooks.service;version="1.1",org.osgi.framework.hooks.weaving;version="1.1",org.osgi.framework.launch;version="1.2",org.osgi.framework.namespace;version="1.1",org.osgi.framework.startlevel;version="1.0",org.osgi.framework.startlevel.dto;version="1.0",org.osgi.framework.wiring;version="1.2",org.osgi.framework.wiring.dto;version="1.2",org.osgi.resource;version="1.0",org.osgi.resource.dto;version="1.0",org.osgi.service.condpermadmin;version="1.1.1",org.osgi.service.log;version="1.3",org.osgi.service.packageadmin;version="1.2",org.osgi.service.permissionadmin;version="1.2",org.osgi.service.resolver;version="1.0.1",org.osgi.service.startlevel;version="1.1",org.osgi.service.url;version="1.0",org.osgi.util.tracker;version="1.5.1"'/>
    <property name='java.specification.version' value='1.8'/>
  </properties>
  <testcase name='testExample' time='0.18' classname='com.acme.prime.eval.test.EvalTest'/>
</testsuite>